This file contains any messages produced by compilers while
running configure, to aid debugging if configure makes a mistake.

It was created by libpciaccess configure 0.17, which was
generated by GNU Autoconf 2.72.  Invocation command line was

  $ ../configure --build=x86_64-linux-gnu --prefix=/usr '--includedir=${prefix}/include' '--mandir=${prefix}/share/man' '--infodir=${prefix}/share/info' --sysconfdir=/etc --localstatedir=/var --disable-option-checking --disable-silent-rules '--libdir=${prefix}/lib/x86_64-linux-gnu' --runstatedir=/run --disable-maintainer-mode --disable-dependency-tracking --disable-silent-rules '--with-pciids-path=${prefix}/share/misc' --with-zlib

## --------- ##
## Platform. ##
## --------- ##

hostname = debian
uname -m = x86_64
uname -r = 6.12.90+deb13.1-amd64
uname -s = Linux
uname -v = #1 SMP PREEMPT_DYNAMIC Debian 6.12.90-2 (2026-05-27)

/usr/bin/uname -p = unknown
/bin/uname -X     = unknown

/bin/arch              = x86_64
/usr/bin/arch -k       = unknown
/usr/convex/getsysinfo = unknown
/usr/bin/hostinfo      = unknown
/bin/machine           = unknown
/usr/bin/oslevel       = unknown
/bin/universe          = unknown

PATH: /usr/local/sbin/
PATH: /usr/local/bin/
PATH: /usr/sbin/
PATH: /usr/bin/
PATH: /sbin/
PATH: /bin/


## ----------- ##
## Core tests. ##
## ----------- ##

configure:2506: looking for aux files: config.guess config.sub ltmain.sh compile missing install-sh
configure:2519:  trying .././
configure:2548:   .././config.guess found
configure:2548:   .././config.sub found
configure:2548:   .././ltmain.sh found
configure:2548:   .././compile found
configure:2548:   .././missing found
configure:2530:   .././install-sh found
configure:2683: checking for a BSD-compatible install
configure:2757: result: /usr/bin/install -c
configure:2768: checking whether sleep supports fractional seconds
configure:2784: result: yes
configure:2787: checking filesystem timestamp resolution
configure:2922: result: 0.01
configure:2927: checking whether build environment is sane
configure:2968: result: yes
configure:3139: checking for a race-free mkdir -p
configure:3182: result: /usr/bin/mkdir -p
configure:3189: checking for gawk
configure:3225: result: no
configure:3189: checking for mawk
configure:3210: found /usr/bin/mawk
configure:3222: result: mawk
configure:3233: checking whether make sets $(MAKE)
configure:3257: result: yes
configure:3283: checking whether make supports nested variables
configure:3302: result: yes
configure:3316: checking xargs -n works
configure:3332: result: yes
configure:3443: checking whether make supports the include directive
configure:3458: make -f confmf.GNU && cat confinc.out
make[2]: Entering directory '/root/libpciaccess-vgaarb-fix/libpciaccess-0.17/build'
make[2]: Leaving directory '/root/libpciaccess-vgaarb-fix/libpciaccess-0.17/build'
this is the am__doit target
configure:3461: $? = 0
configure:3480: result: yes (GNU style)
configure:3557: checking for gcc
configure:3578: found /usr/bin/gcc
configure:3590: result: gcc
configure:3949: checking for C compiler version
configure:3958: gcc --version >&5
gcc (Debian 14.2.0-19) 14.2.0
Copyright (C) 2024 Free Software Foundation, Inc.
This is free software; see the source for copying conditions.  There is NO
warranty; not even for MERCHANTABILITY or FITNESS FOR A PARTICULAR PURPOSE.

configure:3969: $? = 0
configure:3958: gcc -v >&5
Using built-in specs.
COLLECT_GCC=gcc
COLLECT_LTO_WRAPPER=/usr/libexec/gcc/x86_64-linux-gnu/14/lto-wrapper
OFFLOAD_TARGET_NAMES=nvptx-none:amdgcn-amdhsa
OFFLOAD_TARGET_DEFAULT=1
Target: x86_64-linux-gnu
Configured with: ../src/configure -v --with-pkgversion='Debian 14.2.0-19' --with-bugurl=file:///usr/share/doc/gcc-14/README.Bugs --enable-languages=c,ada,c++,go,d,fortran,objc,obj-c++,m2,rust --prefix=/usr --with-gcc-major-version-only --program-suffix=-14 --program-prefix=x86_64-linux-gnu- --enable-shared --enable-linker-build-id --libexecdir=/usr/libexec --without-included-gettext --enable-threads=posix --libdir=/usr/lib --enable-nls --enable-bootstrap --enable-clocale=gnu --enable-libstdcxx-debug --enable-libstdcxx-time=yes --with-default-libstdcxx-abi=new --enable-libstdcxx-backtrace --enable-gnu-unique-object --disable-vtable-verify --enable-plugin --enable-default-pie --with-system-zlib --enable-libphobos-checking=release --with-target-system-zlib=auto --enable-objc-gc=auto --enable-multiarch --disable-werror --enable-cet --with-arch-32=i686 --with-abi=m64 --with-multilib-list=m32,m64,mx32 --enable-multilib --with-tune=generic --enable-offload-targets=nvptx-none=/build/reproducible-path/gcc-14-14.2.0/debian/tmp-nvptx/usr,amdgcn-amdhsa=/build/reproducible-path/gcc-14-14.2.0/debian/tmp-gcn/usr --enable-offload-defaulted --without-cuda-driver --enable-checking=release --build=x86_64-linux-gnu --host=x86_64-linux-gnu --target=x86_64-linux-gnu --with-build-config=bootstrap-lto-lean --enable-link-serialization=3
Thread model: posix
Supported LTO compression algorithms: zlib zstd
gcc version 14.2.0 (Debian 14.2.0-19) 
... rest of stderr output deleted ...
configure:3969: $? = 0
configure:3958: gcc -V >&5
gcc: error: unrecognized command-line option '-V'
gcc: fatal error: no input files
compilation terminated.
configure:3969: $? = 1
configure:3958: gcc -qversion >&5
gcc: error: unrecognized command-line option '-qversion'; did you mean '--version'?
gcc: fatal error: no input files
compilation terminated.
configure:3969: $? = 1
configure:3958: gcc -version >&5
gcc: error: unrecognized command-line option '-version'
gcc: fatal error: no input files
compilation terminated.
configure:3969: $? = 1
configure:3989: checking whether the C compiler works
configure:4011: gcc -g -O2 -Werror=implicit-function-declaration -ffile-prefix-map=/root/libpciaccess-vgaarb-fix/libpciaccess-0.17=. -fstack-protector-strong -fstack-clash-protection -Wformat -Werror=format-security -fcf-protection -Wdate-time -D_FORTIFY_SOURCE=2 -Wl,-z,relro conftest.c  >&5
configure:4015: $? = 0
configure:4066: result: yes
configure:4070: checking for C compiler default output file name
configure:4072: result: a.out
configure:4078: checking for suffix of executables
configure:4085: gcc -o conftest -g -O2 -Werror=implicit-function-declaration -ffile-prefix-map=/root/libpciaccess-vgaarb-fix/libpciaccess-0.17=. -fstack-protector-strong -fstack-clash-protection -Wformat -Werror=format-security -fcf-protection -Wdate-time -D_FORTIFY_SOURCE=2 -Wl,-z,relro conftest.c  >&5
configure:4089: $? = 0
configure:4113: result: 
configure:4137: checking whether we are cross compiling
configure:4145: gcc -o conftest -g -O2 -Werror=implicit-function-declaration -ffile-prefix-map=/root/libpciaccess-vgaarb-fix/libpciaccess-0.17=. -fstack-protector-strong -fstack-clash-protection -Wformat -Werror=format-security -fcf-protection -Wdate-time -D_FORTIFY_SOURCE=2 -Wl,-z,relro conftest.c  >&5
configure:4149: $? = 0
configure:4156: ./conftest
configure:4160: $? = 0
configure:4175: result: no
configure:4181: checking for suffix of object files
configure:4204: gcc -c -g -O2 -Werror=implicit-function-declaration -ffile-prefix-map=/root/libpciaccess-vgaarb-fix/libpciaccess-0.17=. -fstack-protector-strong -fstack-clash-protection -Wformat -Werror=format-security -fcf-protection -Wdate-time -D_FORTIFY_SOURCE=2 conftest.c >&5
configure:4208: $? = 0
configure:4232: result: o
configure:4236: checking whether the compiler supports GNU C
configure:4256: gcc -c -g -O2 -Werror=implicit-function-declaration -ffile-prefix-map=/root/libpciaccess-vgaarb-fix/libpciaccess-0.17=. -fstack-protector-strong -fstack-clash-protection -Wformat -Werror=format-security -fcf-protection -Wdate-time -D_FORTIFY_SOURCE=2 conftest.c >&5
configure:4256: $? = 0
configure:4268: result: yes
configure:4279: checking whether gcc accepts -g
configure:4300: gcc -c -g -Wdate-time -D_FORTIFY_SOURCE=2 conftest.c >&5
configure:4300: $? = 0
configure:4347: result: yes
configure:4367: checking for gcc option to enable C11 features
configure:4382: gcc  -c -g -O2 -Werror=implicit-function-declaration -ffile-prefix-map=/root/libpciaccess-vgaarb-fix/libpciaccess-0.17=. -fstack-protector-strong -fstack-clash-protection -Wformat -Werror=format-security -fcf-protection -Wdate-time -D_FORTIFY_SOURCE=2 conftest.c >&5
configure:4382: $? = 0
configure:4401: result: none needed
configure:4525: checking whether gcc understands -c and -o together
configure:4548: gcc -c conftest.c -o conftest2.o
configure:4551: $? = 0
configure:4548: gcc -c conftest.c -o conftest2.o
configure:4551: $? = 0
configure:4564: result: yes
configure:4583: checking dependency style of gcc
configure:4696: result: none
configure:4716: checking for stdio.h
configure:4716: gcc -c -g -O2 -Werror=implicit-function-declaration -ffile-prefix-map=/root/libpciaccess-vgaarb-fix/libpciaccess-0.17=. -fstack-protector-strong -fstack-clash-protection -Wformat -Werror=format-security -fcf-protection -Wdate-time -D_FORTIFY_SOURCE=2 conftest.c >&5
configure:4716: $? = 0
configure:4716: result: yes
configure:4716: checking for stdlib.h
configure:4716: gcc -c -g -O2 -Werror=implicit-function-declaration -ffile-prefix-map=/root/libpciaccess-vgaarb-fix/libpciaccess-0.17=. -fstack-protector-strong -fstack-clash-protection -Wformat -Werror=format-security -fcf-protection -Wdate-time -D_FORTIFY_SOURCE=2 conftest.c >&5
configure:4716: $? = 0
configure:4716: result: yes
configure:4716: checking for string.h
configure:4716: gcc -c -g -O2 -Werror=implicit-function-declaration -ffile-prefix-map=/root/libpciaccess-vgaarb-fix/libpciaccess-0.17=. -fstack-protector-strong -fstack-clash-protection -Wformat -Werror=format-security -fcf-protection -Wdate-time -D_FORTIFY_SOURCE=2 conftest.c >&5
configure:4716: $? = 0
configure:4716: result: yes
configure:4716: checking for inttypes.h
configure:4716: gcc -c -g -O2 -Werror=implicit-function-declaration -ffile-prefix-map=/root/libpciaccess-vgaarb-fix/libpciaccess-0.17=. -fstack-protector-strong -fstack-clash-protection -Wformat -Werror=format-security -fcf-protection -Wdate-time -D_FORTIFY_SOURCE=2 conftest.c >&5
configure:4716: $? = 0
configure:4716: result: yes
configure:4716: checking for stdint.h
configure:4716: gcc -c -g -O2 -Werror=implicit-function-declaration -ffile-prefix-map=/root/libpciaccess-vgaarb-fix/libpciaccess-0.17=. -fstack-protector-strong -fstack-clash-protection -Wformat -Werror=format-security -fcf-protection -Wdate-time -D_FORTIFY_SOURCE=2 conftest.c >&5
configure:4716: $? = 0
configure:4716: result: yes
configure:4716: checking for strings.h
configure:4716: gcc -c -g -O2 -Werror=implicit-function-declaration -ffile-prefix-map=/root/libpciaccess-vgaarb-fix/libpciaccess-0.17=. -fstack-protector-strong -fstack-clash-protection -Wformat -Werror=format-security -fcf-protection -Wdate-time -D_FORTIFY_SOURCE=2 conftest.c >&5
configure:4716: $? = 0
configure:4716: result: yes
configure:4716: checking for sys/stat.h
configure:4716: gcc -c -g -O2 -Werror=implicit-function-declaration -ffile-prefix-map=/root/libpciaccess-vgaarb-fix/libpciaccess-0.17=. -fstack-protector-strong -fstack-clash-protection -Wformat -Werror=format-security -fcf-protection -Wdate-time -D_FORTIFY_SOURCE=2 conftest.c >&5
configure:4716: $? = 0
configure:4716: result: yes
configure:4716: checking for sys/types.h
configure:4716: gcc -c -g -O2 -Werror=implicit-function-declaration -ffile-prefix-map=/root/libpciaccess-vgaarb-fix/libpciaccess-0.17=. -fstack-protector-strong -fstack-clash-protection -Wformat -Werror=format-security -fcf-protection -Wdate-time -D_FORTIFY_SOURCE=2 conftest.c >&5
configure:4716: $? = 0
configure:4716: result: yes
configure:4716: checking for unistd.h
configure:4716: gcc -c -g -O2 -Werror=implicit-function-declaration -ffile-prefix-map=/root/libpciaccess-vgaarb-fix/libpciaccess-0.17=. -fstack-protector-strong -fstack-clash-protection -Wformat -Werror=format-security -fcf-protection -Wdate-time -D_FORTIFY_SOURCE=2 conftest.c >&5
configure:4716: $? = 0
configure:4716: result: yes
configure:4716: checking for wchar.h
configure:4716: gcc -c -g -O2 -Werror=implicit-function-declaration -ffile-prefix-map=/root/libpciaccess-vgaarb-fix/libpciaccess-0.17=. -fstack-protector-strong -fstack-clash-protection -Wformat -Werror=format-security -fcf-protection -Wdate-time -D_FORTIFY_SOURCE=2 conftest.c >&5
configure:4716: $? = 0
configure:4716: result: yes
configure:4716: checking for minix/config.h
configure:4716: gcc -c -g -O2 -Werror=implicit-function-declaration -ffile-prefix-map=/root/libpciaccess-vgaarb-fix/libpciaccess-0.17=. -fstack-protector-strong -fstack-clash-protection -Wformat -Werror=format-security -fcf-protection -Wdate-time -D_FORTIFY_SOURCE=2 conftest.c >&5
conftest.c:49:10: fatal error: minix/config.h: No such file or directory
   49 | #include <minix/config.h>
      |          ^~~~~~~~~~~~~~~~
compilation terminated.
configure:4716: $? = 1
configure: failed program was:
| /* confdefs.h */
| #define PACKAGE_NAME "libpciaccess"
| #define PACKAGE_TARNAME "libpciaccess"
| #define PACKAGE_VERSION "0.17"
| #define PACKAGE_STRING "libpciaccess 0.17"
| #define PACKAGE_BUGREPORT "https://gitlab.freedesktop.org/xorg/lib/libpciaccess/-/issues"
| #define PACKAGE_URL ""
| #define PACKAGE "libpciaccess"
| #define VERSION "0.17"
| #define HAVE_STDIO_H 1
| #define HAVE_STDLIB_H 1
| #define HAVE_STRING_H 1
| #define HAVE_INTTYPES_H 1
| #define HAVE_STDINT_H 1
| #define HAVE_STRINGS_H 1
| #define HAVE_SYS_STAT_H 1
| #define HAVE_SYS_TYPES_H 1
| #define HAVE_UNISTD_H 1
| #define HAVE_WCHAR_H 1
| /* end confdefs.h.  */
| #include <stddef.h>
| #ifdef HAVE_STDIO_H
| # include <stdio.h>
| #endif
| #ifdef HAVE_STDLIB_H
| # include <stdlib.h>
| #endif
| #ifdef HAVE_STRING_H
| # include <string.h>
| #endif
| #ifdef HAVE_INTTYPES_H
| # include <inttypes.h>
| #endif
| #ifdef HAVE_STDINT_H
| # include <stdint.h>
| #endif
| #ifdef HAVE_STRINGS_H
| # include <strings.h>
| #endif
| #ifdef HAVE_SYS_TYPES_H
| # include <sys/types.h>
| #endif
| #ifdef HAVE_SYS_STAT_H
| # include <sys/stat.h>
| #endif
| #ifdef HAVE_UNISTD_H
| # include <unistd.h>
| #endif
| #include <minix/config.h>
configure:4716: result: no
configure:4747: checking whether it is safe to define __EXTENSIONS__
configure:4766: gcc -c -g -O2 -Werror=implicit-function-declaration -ffile-prefix-map=/root/libpciaccess-vgaarb-fix/libpciaccess-0.17=. -fstack-protector-strong -fstack-clash-protection -Wformat -Werror=format-security -fcf-protection -Wdate-time -D_FORTIFY_SOURCE=2 conftest.c >&5
configure:4766: $? = 0
configure:4776: result: yes
configure:4779: checking whether _XOPEN_SOURCE should be defined
configure:4801: gcc -c -g -O2 -Werror=implicit-function-declaration -ffile-prefix-map=/root/libpciaccess-vgaarb-fix/libpciaccess-0.17=. -fstack-protector-strong -fstack-clash-protection -Wformat -Werror=format-security -fcf-protection -Wdate-time -D_FORTIFY_SOURCE=2 conftest.c >&5
configure:4801: $? = 0
configure:4830: result: no
configure:4923: checking build system type
configure:4939: result: x86_64-pc-linux-gnu
configure:4959: checking host system type
configure:4974: result: x86_64-pc-linux-gnu
configure:5015: checking how to print strings
configure:5042: result: printf
configure:5063: checking for a sed that does not truncate output
configure:5135: result: /usr/bin/sed
configure:5153: checking for grep that handles long lines and -e
configure:5219: result: /usr/bin/grep
configure:5224: checking for egrep
configure:5294: result: /usr/bin/grep -E
configure:5301: checking for fgrep
configure:5371: result: /usr/bin/grep -F
configure:5408: checking for ld used by gcc
configure:5477: result: /usr/bin/ld
configure:5484: checking if the linker (/usr/bin/ld) is GNU ld
configure:5501: result: yes
configure:5513: checking for BSD- or MS-compatible name lister (nm)
configure:5569: result: /usr/bin/nm -B
configure:5711: checking the name lister (/usr/bin/nm -B) interface
configure:5719: gcc -c -g -O2 -Werror=implicit-function-declaration -ffile-prefix-map=/root/libpciaccess-vgaarb-fix/libpciaccess-0.17=. -fstack-protector-strong -fstack-clash-protection -Wformat -Werror=format-security -fcf-protection -Wdate-time -D_FORTIFY_SOURCE=2 conftest.c >&5
configure:5722: /usr/bin/nm -B "conftest.o"
configure:5725: output
0000000000000000 B some_variable
configure:5733: result: BSD nm
configure:5736: checking whether ln -s works
configure:5740: result: yes
configure:5748: checking the maximum length of command line arguments
configure:5881: result: 1572864
configure:5929: checking how to convert x86_64-pc-linux-gnu file names to x86_64-pc-linux-gnu format
configure:5971: result: func_convert_file_noop
configure:5978: checking how to convert x86_64-pc-linux-gnu file names to toolchain format
configure:6000: result: func_convert_file_noop
configure:6007: checking for /usr/bin/ld option to reload object files
configure:6016: result: -r
configure:6049: checking for file
configure:6070: found /usr/bin/file
configure:6083: result: file
configure:6146: checking for objdump
configure:6167: found /usr/bin/objdump
configure:6179: result: objdump
configure:6211: checking how to recognize dependent libraries
configure:6420: result: pass_all
configure:6511: checking for dlltool
configure:6547: result: no
configure:6577: checking how to associate runtime and link libraries
configure:6606: result: printf %s\n
configure:6666: checking for ranlib
configure:6687: found /usr/bin/ranlib
configure:6699: result: ranlib
configure:6776: checking for ar
configure:6797: found /usr/bin/ar
configure:6809: result: ar
configure:6862: checking for archiver @FILE support
configure:6880: gcc -c -g -O2 -Werror=implicit-function-declaration -ffile-prefix-map=/root/libpciaccess-vgaarb-fix/libpciaccess-0.17=. -fstack-protector-strong -fstack-clash-protection -Wformat -Werror=format-security -fcf-protection -Wdate-time -D_FORTIFY_SOURCE=2 conftest.c >&5
configure:6880: $? = 0
configure:6884: ar cr libconftest.a @conftest.lst >&5
configure:6887: $? = 0
configure:6892: ar cr libconftest.a @conftest.lst >&5
ar: conftest.o: No such file or directory
configure:6895: $? = 1
configure:6908: result: @
configure:6972: checking for strip
configure:6993: found /usr/bin/strip
configure:7005: result: strip
configure:7108: checking command to parse /usr/bin/nm -B output from gcc object
configure:7262: gcc -c -g -O2 -Werror=implicit-function-declaration -ffile-prefix-map=/root/libpciaccess-vgaarb-fix/libpciaccess-0.17=. -fstack-protector-strong -fstack-clash-protection -Wformat -Werror=format-security -fcf-protection -Wdate-time -D_FORTIFY_SOURCE=2 conftest.c >&5
configure:7265: $? = 0
configure:7269: /usr/bin/nm -B conftest.o | /usr/bin/sed -n -e 's/^.*[	 ]\([ABCDGIRSTW][ABCDGIRSTW]*\)[	 ][	 ]*\([_A-Za-z][_A-Za-z0-9]*\)$/\1 \2 \2/p' | /usr/bin/sed '/ __gnu_lto/d' > conftest.nm
configure:7335: gcc -o conftest -g -O2 -Werror=implicit-function-declaration -ffile-prefix-map=/root/libpciaccess-vgaarb-fix/libpciaccess-0.17=. -fstack-protector-strong -fstack-clash-protection -Wformat -Werror=format-security -fcf-protection -Wdate-time -D_FORTIFY_SOURCE=2 -Wl,-z,relro conftest.c conftstm.o >&5
configure:7338: $? = 0
configure:7377: result: ok
configure:7424: checking for sysroot
configure:7458: result: no
configure:7465: checking for a working dd
configure:7510: result: /usr/bin/dd
configure:7514: checking how to truncate binary pipes
configure:7531: result: /usr/bin/dd bs=4096 count=1
configure:7668: gcc -c -g -O2 -Werror=implicit-function-declaration -ffile-prefix-map=/root/libpciaccess-vgaarb-fix/libpciaccess-0.17=. -fstack-protector-strong -fstack-clash-protection -Wformat -Werror=format-security -fcf-protection -Wdate-time -D_FORTIFY_SOURCE=2 conftest.c >&5
configure:7671: $? = 0
configure:7871: checking for mt
configure:7892: found /usr/bin/mt
configure:7904: result: mt
configure:7927: checking if mt is a manifest tool
configure:7934: mt '-?'
configure:7943: result: no
configure:8736: checking for dlfcn.h
configure:8736: gcc -c -g -O2 -Werror=implicit-function-declaration -ffile-prefix-map=/root/libpciaccess-vgaarb-fix/libpciaccess-0.17=. -fstack-protector-strong -fstack-clash-protection -Wformat -Werror=format-security -fcf-protection -Wdate-time -D_FORTIFY_SOURCE=2 conftest.c >&5
configure:8736: $? = 0
configure:8736: result: yes
configure:9039: checking for objdir
configure:9056: result: .libs
configure:9322: checking if gcc supports -fno-rtti -fno-exceptions
configure:9341: gcc -c -g -O2 -Werror=implicit-function-declaration -ffile-prefix-map=/root/libpciaccess-vgaarb-fix/libpciaccess-0.17=. -fstack-protector-strong -fstack-clash-protection -Wformat -Werror=format-security -fcf-protection -Wdate-time -D_FORTIFY_SOURCE=2 -fno-rtti -fno-exceptions conftest.c >&5
cc1: warning: command-line option '-fno-rtti' is valid for C++/D/ObjC++ but not for C
configure:9345: $? = 0
configure:9359: result: no
configure:9738: checking for gcc option to produce PIC
configure:9747: result: -fPIC -DPIC
configure:9755: checking if gcc PIC flag -fPIC -DPIC works
configure:9774: gcc -c -g -O2 -Werror=implicit-function-declaration -ffile-prefix-map=/root/libpciaccess-vgaarb-fix/libpciaccess-0.17=. -fstack-protector-strong -fstack-clash-protection -Wformat -Werror=format-security -fcf-protection -Wdate-time -D_FORTIFY_SOURCE=2 -fPIC -DPIC -DPIC conftest.c >&5
configure:9778: $? = 0
configure:9792: result: yes
configure:9821: checking if gcc static flag -static works
configure:9851: result: yes
configure:9866: checking if gcc supports -c -o file.o
configure:9888: gcc -c -g -O2 -Werror=implicit-function-declaration -ffile-prefix-map=/root/libpciaccess-vgaarb-fix/libpciaccess-0.17=. -fstack-protector-strong -fstack-clash-protection -Wformat -Werror=format-security -fcf-protection -Wdate-time -D_FORTIFY_SOURCE=2 -o out/conftest2.o conftest.c >&5
configure:9892: $? = 0
configure:9915: result: yes
configure:9923: checking if gcc supports -c -o file.o
configure:9972: result: yes
configure:10005: checking whether the gcc linker (/usr/bin/ld -m elf_x86_64) supports shared libraries
configure:11293: result: yes
configure:11330: checking whether -lc should be explicitly linked in
configure:11339: gcc -c -g -O2 -Werror=implicit-function-declaration -ffile-prefix-map=/root/libpciaccess-vgaarb-fix/libpciaccess-0.17=. -fstack-protector-strong -fstack-clash-protection -Wformat -Werror=format-security -fcf-protection -Wdate-time -D_FORTIFY_SOURCE=2 conftest.c >&5
configure:11342: $? = 0
configure:11357: gcc -shared  -fPIC -DPIC conftest.o  -v -Wl,-soname -Wl,conftest -o conftest 2\>\&1 \| /usr/bin/grep  -lc  \>/dev/null 2\>\&1
configure:11360: $? = 0
configure:11375: result: no
configure:11535: checking dynamic linker characteristics
configure:12154: gcc -o conftest -g -O2 -Werror=implicit-function-declaration -ffile-prefix-map=/root/libpciaccess-vgaarb-fix/libpciaccess-0.17=. -fstack-protector-strong -fstack-clash-protection -Wformat -Werror=format-security -fcf-protection -Wdate-time -D_FORTIFY_SOURCE=2 -Wl,-z,relro -Wl,-rpath -Wl,/foo conftest.c  >&5
configure:12154: $? = 0
configure:12937: result: GNU/Linux ld.so
configure:13059: checking how to hardcode library paths into programs
configure:13084: result: immediate
configure:13684: checking whether stripping libraries is possible
configure:13693: result: yes
configure:13735: checking if libtool supports shared libraries
configure:13737: result: yes
configure:13740: checking whether to build shared libraries
configure:13765: result: yes
configure:13768: checking whether to build static libraries
configure:13772: result: yes
configure:13822: checking for gcc options needed to detect all undeclared functions
configure:13844: gcc -c -g -O2 -Werror=implicit-function-declaration -ffile-prefix-map=/root/libpciaccess-vgaarb-fix/libpciaccess-0.17=. -fstack-protector-strong -fstack-clash-protection -Wformat -Werror=format-security -fcf-protection  -Wdate-time -D_FORTIFY_SOURCE=2 conftest.c >&5
conftest.c: In function 'main':
conftest.c:45:8: error: 'strchr' undeclared (first use in this function)
   45 | (void) strchr;
      |        ^~~~~~
conftest.c:1:1: note: 'strchr' is defined in header '<string.h>'; this is probably fixable by adding '#include <string.h>'
    1 | /* confdefs.h */
conftest.c:45:8: note: each undeclared identifier is reported only once for each function it appears in
   45 | (void) strchr;
      |        ^~~~~~
configure:13844: $? = 1
configure: failed program was:
| /* confdefs.h */
| #define PACKAGE_NAME "libpciaccess"
| #define PACKAGE_TARNAME "libpciaccess"
| #define PACKAGE_VERSION "0.17"
| #define PACKAGE_STRING "libpciaccess 0.17"
| #define PACKAGE_BUGREPORT "https://gitlab.freedesktop.org/xorg/lib/libpciaccess/-/issues"
| #define PACKAGE_URL ""
| #define PACKAGE "libpciaccess"
| #define VERSION "0.17"
| #define HAVE_STDIO_H 1
| #define HAVE_STDLIB_H 1
| #define HAVE_STRING_H 1
| #define HAVE_INTTYPES_H 1
| #define HAVE_STDINT_H 1
| #define HAVE_STRINGS_H 1
| #define HAVE_SYS_STAT_H 1
| #define HAVE_SYS_TYPES_H 1
| #define HAVE_UNISTD_H 1
| #define HAVE_WCHAR_H 1
| #define STDC_HEADERS 1
| #define _ALL_SOURCE 1
| #define _DARWIN_C_SOURCE 1
| #define _GNU_SOURCE 1
| #define _HPUX_ALT_XOPEN_SOCKET_API 1
| #define _NETBSD_SOURCE 1
| #define _OPENBSD_SOURCE 1
| #define _POSIX_PTHREAD_SEMANTICS 1
| #define __STDC_WANT_IEC_60559_ATTRIBS_EXT__ 1
| #define __STDC_WANT_IEC_60559_BFP_EXT__ 1
| #define __STDC_WANT_IEC_60559_DFP_EXT__ 1
| #define __STDC_WANT_IEC_60559_EXT__ 1
| #define __STDC_WANT_IEC_60559_FUNCS_EXT__ 1
| #define __STDC_WANT_IEC_60559_TYPES_EXT__ 1
| #define __STDC_WANT_LIB_EXT2__ 1
| #define __STDC_WANT_MATH_SPEC_FUNCS__ 1
| #define _TANDEM_SOURCE 1
| #define __EXTENSIONS__ 1
| #define HAVE_DLFCN_H 1
| #define LT_OBJDIR ".libs/"
| /* end confdefs.h.  */
| 
| int
| main (void)
| {
| (void) strchr;
|   ;
|   return 0;
| }
configure:13871: gcc -c -g -O2 -Werror=implicit-function-declaration -ffile-prefix-map=/root/libpciaccess-vgaarb-fix/libpciaccess-0.17=. -fstack-protector-strong -fstack-clash-protection -Wformat -Werror=format-security -fcf-protection  -Wdate-time -D_FORTIFY_SOURCE=2 conftest.c >&5
configure:13871: $? = 0
configure:13891: result: none needed
configure:13909: checking whether __clang__ is declared
configure:13909: gcc -c -g -O2 -Werror=implicit-function-declaration -ffile-prefix-map=/root/libpciaccess-vgaarb-fix/libpciaccess-0.17=. -fstack-protector-strong -fstack-clash-protection -Wformat -Werror=format-security -fcf-protection  -Wdate-time -D_FORTIFY_SOURCE=2 conftest.c >&5
conftest.c: In function 'main':
conftest.c:76:10: error: '__clang__' undeclared (first use in this function)
   76 |   (void) __clang__;
      |          ^~~~~~~~~
conftest.c:76:10: note: each undeclared identifier is reported only once for each function it appears in
configure:13909: $? = 1
configure: failed program was:
| /* confdefs.h */
| #define PACKAGE_NAME "libpciaccess"
| #define PACKAGE_TARNAME "libpciaccess"
| #define PACKAGE_VERSION "0.17"
| #define PACKAGE_STRING "libpciaccess 0.17"
| #define PACKAGE_BUGREPORT "https://gitlab.freedesktop.org/xorg/lib/libpciaccess/-/issues"
| #define PACKAGE_URL ""
| #define PACKAGE "libpciaccess"
| #define VERSION "0.17"
| #define HAVE_STDIO_H 1
| #define HAVE_STDLIB_H 1
| #define HAVE_STRING_H 1
| #define HAVE_INTTYPES_H 1
| #define HAVE_STDINT_H 1
| #define HAVE_STRINGS_H 1
| #define HAVE_SYS_STAT_H 1
| #define HAVE_SYS_TYPES_H 1
| #define HAVE_UNISTD_H 1
| #define HAVE_WCHAR_H 1
| #define STDC_HEADERS 1
| #define _ALL_SOURCE 1
| #define _DARWIN_C_SOURCE 1
| #define _GNU_SOURCE 1
| #define _HPUX_ALT_XOPEN_SOCKET_API 1
| #define _NETBSD_SOURCE 1
| #define _OPENBSD_SOURCE 1
| #define _POSIX_PTHREAD_SEMANTICS 1
| #define __STDC_WANT_IEC_60559_ATTRIBS_EXT__ 1
| #define __STDC_WANT_IEC_60559_BFP_EXT__ 1
| #define __STDC_WANT_IEC_60559_DFP_EXT__ 1
| #define __STDC_WANT_IEC_60559_EXT__ 1
| #define __STDC_WANT_IEC_60559_FUNCS_EXT__ 1
| #define __STDC_WANT_IEC_60559_TYPES_EXT__ 1
| #define __STDC_WANT_LIB_EXT2__ 1
| #define __STDC_WANT_MATH_SPEC_FUNCS__ 1
| #define _TANDEM_SOURCE 1
| #define __EXTENSIONS__ 1
| #define HAVE_DLFCN_H 1
| #define LT_OBJDIR ".libs/"
| /* end confdefs.h.  */
| #include <stddef.h>
| #ifdef HAVE_STDIO_H
| # include <stdio.h>
| #endif
| #ifdef HAVE_STDLIB_H
| # include <stdlib.h>
| #endif
| #ifdef HAVE_STRING_H
| # include <string.h>
| #endif
| #ifdef HAVE_INTTYPES_H
| # include <inttypes.h>
| #endif
| #ifdef HAVE_STDINT_H
| # include <stdint.h>
| #endif
| #ifdef HAVE_STRINGS_H
| # include <strings.h>
| #endif
| #ifdef HAVE_SYS_TYPES_H
| # include <sys/types.h>
| #endif
| #ifdef HAVE_SYS_STAT_H
| # include <sys/stat.h>
| #endif
| #ifdef HAVE_UNISTD_H
| # include <unistd.h>
| #endif
| int
| main (void)
| {
| #ifndef __clang__
| #ifdef __cplusplus
|   (void) __clang__;
| #else
|   (void) __clang__;
| #endif
| #endif
| 
|   ;
|   return 0;
| }
configure:13909: result: no
configure:13917: checking whether __INTEL_COMPILER is declared
configure:13917: gcc -c -g -O2 -Werror=implicit-function-declaration -ffile-prefix-map=/root/libpciaccess-vgaarb-fix/libpciaccess-0.17=. -fstack-protector-strong -fstack-clash-protection -Wformat -Werror=format-security -fcf-protection  -Wdate-time -D_FORTIFY_SOURCE=2 conftest.c >&5
conftest.c: In function 'main':
conftest.c:76:10: error: '__INTEL_COMPILER' undeclared (first use in this function)
   76 |   (void) __INTEL_COMPILER;
      |          ^~~~~~~~~~~~~~~~
conftest.c:76:10: note: each undeclared identifier is reported only once for each function it appears in
configure:13917: $? = 1
configure: failed program was:
| /* confdefs.h */
| #define PACKAGE_NAME "libpciaccess"
| #define PACKAGE_TARNAME "libpciaccess"
| #define PACKAGE_VERSION "0.17"
| #define PACKAGE_STRING "libpciaccess 0.17"
| #define PACKAGE_BUGREPORT "https://gitlab.freedesktop.org/xorg/lib/libpciaccess/-/issues"
| #define PACKAGE_URL ""
| #define PACKAGE "libpciaccess"
| #define VERSION "0.17"
| #define HAVE_STDIO_H 1
| #define HAVE_STDLIB_H 1
| #define HAVE_STRING_H 1
| #define HAVE_INTTYPES_H 1
| #define HAVE_STDINT_H 1
| #define HAVE_STRINGS_H 1
| #define HAVE_SYS_STAT_H 1
| #define HAVE_SYS_TYPES_H 1
| #define HAVE_UNISTD_H 1
| #define HAVE_WCHAR_H 1
| #define STDC_HEADERS 1
| #define _ALL_SOURCE 1
| #define _DARWIN_C_SOURCE 1
| #define _GNU_SOURCE 1
| #define _HPUX_ALT_XOPEN_SOCKET_API 1
| #define _NETBSD_SOURCE 1
| #define _OPENBSD_SOURCE 1
| #define _POSIX_PTHREAD_SEMANTICS 1
| #define __STDC_WANT_IEC_60559_ATTRIBS_EXT__ 1
| #define __STDC_WANT_IEC_60559_BFP_EXT__ 1
| #define __STDC_WANT_IEC_60559_DFP_EXT__ 1
| #define __STDC_WANT_IEC_60559_EXT__ 1
| #define __STDC_WANT_IEC_60559_FUNCS_EXT__ 1
| #define __STDC_WANT_IEC_60559_TYPES_EXT__ 1
| #define __STDC_WANT_LIB_EXT2__ 1
| #define __STDC_WANT_MATH_SPEC_FUNCS__ 1
| #define _TANDEM_SOURCE 1
| #define __EXTENSIONS__ 1
| #define HAVE_DLFCN_H 1
| #define LT_OBJDIR ".libs/"
| /* end confdefs.h.  */
| #include <stddef.h>
| #ifdef HAVE_STDIO_H
| # include <stdio.h>
| #endif
| #ifdef HAVE_STDLIB_H
| # include <stdlib.h>
| #endif
| #ifdef HAVE_STRING_H
| # include <string.h>
| #endif
| #ifdef HAVE_INTTYPES_H
| # include <inttypes.h>
| #endif
| #ifdef HAVE_STDINT_H
| # include <stdint.h>
| #endif
| #ifdef HAVE_STRINGS_H
| # include <strings.h>
| #endif
| #ifdef HAVE_SYS_TYPES_H
| # include <sys/types.h>
| #endif
| #ifdef HAVE_SYS_STAT_H
| # include <sys/stat.h>
| #endif
| #ifdef HAVE_UNISTD_H
| # include <unistd.h>
| #endif
| int
| main (void)
| {
| #ifndef __INTEL_COMPILER
| #ifdef __cplusplus
|   (void) __INTEL_COMPILER;
| #else
|   (void) __INTEL_COMPILER;
| #endif
| #endif
| 
|   ;
|   return 0;
| }
configure:13917: result: no
configure:13925: checking whether __SUNPRO_C is declared
configure:13925: gcc -c -g -O2 -Werror=implicit-function-declaration -ffile-prefix-map=/root/libpciaccess-vgaarb-fix/libpciaccess-0.17=. -fstack-protector-strong -fstack-clash-protection -Wformat -Werror=format-security -fcf-protection  -Wdate-time -D_FORTIFY_SOURCE=2 conftest.c >&5
conftest.c: In function 'main':
conftest.c:76:10: error: '__SUNPRO_C' undeclared (first use in this function)
   76 |   (void) __SUNPRO_C;
      |          ^~~~~~~~~~
conftest.c:76:10: note: each undeclared identifier is reported only once for each function it appears in
configure:13925: $? = 1
configure: failed program was:
| /* confdefs.h */
| #define PACKAGE_NAME "libpciaccess"
| #define PACKAGE_TARNAME "libpciaccess"
| #define PACKAGE_VERSION "0.17"
| #define PACKAGE_STRING "libpciaccess 0.17"
| #define PACKAGE_BUGREPORT "https://gitlab.freedesktop.org/xorg/lib/libpciaccess/-/issues"
| #define PACKAGE_URL ""
| #define PACKAGE "libpciaccess"
| #define VERSION "0.17"
| #define HAVE_STDIO_H 1
| #define HAVE_STDLIB_H 1
| #define HAVE_STRING_H 1
| #define HAVE_INTTYPES_H 1
| #define HAVE_STDINT_H 1
| #define HAVE_STRINGS_H 1
| #define HAVE_SYS_STAT_H 1
| #define HAVE_SYS_TYPES_H 1
| #define HAVE_UNISTD_H 1
| #define HAVE_WCHAR_H 1
| #define STDC_HEADERS 1
| #define _ALL_SOURCE 1
| #define _DARWIN_C_SOURCE 1
| #define _GNU_SOURCE 1
| #define _HPUX_ALT_XOPEN_SOCKET_API 1
| #define _NETBSD_SOURCE 1
| #define _OPENBSD_SOURCE 1
| #define _POSIX_PTHREAD_SEMANTICS 1
| #define __STDC_WANT_IEC_60559_ATTRIBS_EXT__ 1
| #define __STDC_WANT_IEC_60559_BFP_EXT__ 1
| #define __STDC_WANT_IEC_60559_DFP_EXT__ 1
| #define __STDC_WANT_IEC_60559_EXT__ 1
| #define __STDC_WANT_IEC_60559_FUNCS_EXT__ 1
| #define __STDC_WANT_IEC_60559_TYPES_EXT__ 1
| #define __STDC_WANT_LIB_EXT2__ 1
| #define __STDC_WANT_MATH_SPEC_FUNCS__ 1
| #define _TANDEM_SOURCE 1
| #define __EXTENSIONS__ 1
| #define HAVE_DLFCN_H 1
| #define LT_OBJDIR ".libs/"
| /* end confdefs.h.  */
| #include <stddef.h>
| #ifdef HAVE_STDIO_H
| # include <stdio.h>
| #endif
| #ifdef HAVE_STDLIB_H
| # include <stdlib.h>
| #endif
| #ifdef HAVE_STRING_H
| # include <string.h>
| #endif
| #ifdef HAVE_INTTYPES_H
| # include <inttypes.h>
| #endif
| #ifdef HAVE_STDINT_H
| # include <stdint.h>
| #endif
| #ifdef HAVE_STRINGS_H
| # include <strings.h>
| #endif
| #ifdef HAVE_SYS_TYPES_H
| # include <sys/types.h>
| #endif
| #ifdef HAVE_SYS_STAT_H
| # include <sys/stat.h>
| #endif
| #ifdef HAVE_UNISTD_H
| # include <unistd.h>
| #endif
| int
| main (void)
| {
| #ifndef __SUNPRO_C
| #ifdef __cplusplus
|   (void) __SUNPRO_C;
| #else
|   (void) __SUNPRO_C;
| #endif
| #endif
| 
|   ;
|   return 0;
| }
configure:13925: result: no
configure:13994: checking for pkg-config
configure:14017: found /usr/bin/pkg-config
configure:14030: result: /usr/bin/pkg-config
configure:14055: checking pkg-config is at least version 0.9.0
configure:14058: result: yes
configure:14109: checking if gcc supports -Werror=unknown-warning-option
configure:14119: gcc -c -g -O2 -Werror=implicit-function-declaration -ffile-prefix-map=/root/libpciaccess-vgaarb-fix/libpciaccess-0.17=. -fstack-protector-strong -fstack-clash-protection -Wformat -Werror=format-security -fcf-protection -Werror=unknown-warning-option -Wdate-time -D_FORTIFY_SOURCE=2 conftest.c >&5
cc1: error: '-Werror=unknown-warning-option': no option '-Wunknown-warning-option'
configure:14119: $? = 1
configure: failed program was:
| /* confdefs.h */
| #define PACKAGE_NAME "libpciaccess"
| #define PACKAGE_TARNAME "libpciaccess"
| #define PACKAGE_VERSION "0.17"
| #define PACKAGE_STRING "libpciaccess 0.17"
| #define PACKAGE_BUGREPORT "https://gitlab.freedesktop.org/xorg/lib/libpciaccess/-/issues"
| #define PACKAGE_URL ""
| #define PACKAGE "libpciaccess"
| #define VERSION "0.17"
| #define HAVE_STDIO_H 1
| #define HAVE_STDLIB_H 1
| #define HAVE_STRING_H 1
| #define HAVE_INTTYPES_H 1
| #define HAVE_STDINT_H 1
| #define HAVE_STRINGS_H 1
| #define HAVE_SYS_STAT_H 1
| #define HAVE_SYS_TYPES_H 1
| #define HAVE_UNISTD_H 1
| #define HAVE_WCHAR_H 1
| #define STDC_HEADERS 1
| #define _ALL_SOURCE 1
| #define _DARWIN_C_SOURCE 1
| #define _GNU_SOURCE 1
| #define _HPUX_ALT_XOPEN_SOCKET_API 1
| #define _NETBSD_SOURCE 1
| #define _OPENBSD_SOURCE 1
| #define _POSIX_PTHREAD_SEMANTICS 1
| #define __STDC_WANT_IEC_60559_ATTRIBS_EXT__ 1
| #define __STDC_WANT_IEC_60559_BFP_EXT__ 1
| #define __STDC_WANT_IEC_60559_DFP_EXT__ 1
| #define __STDC_WANT_IEC_60559_EXT__ 1
| #define __STDC_WANT_IEC_60559_FUNCS_EXT__ 1
| #define __STDC_WANT_IEC_60559_TYPES_EXT__ 1
| #define __STDC_WANT_LIB_EXT2__ 1
| #define __STDC_WANT_MATH_SPEC_FUNCS__ 1
| #define _TANDEM_SOURCE 1
| #define __EXTENSIONS__ 1
| #define HAVE_DLFCN_H 1
| #define LT_OBJDIR ".libs/"
| /* end confdefs.h.  */
| int i;
configure:14129: result: no
configure:14140: checking if gcc supports -Werror=unused-command-line-argument
configure:14150: gcc -c -g -O2 -Werror=implicit-function-declaration -ffile-prefix-map=/root/libpciaccess-vgaarb-fix/libpciaccess-0.17=. -fstack-protector-strong -fstack-clash-protection -Wformat -Werror=format-security -fcf-protection -Werror=unused-command-line-argument -Wdate-time -D_FORTIFY_SOURCE=2 conftest.c >&5
cc1: error: '-Werror=unused-command-line-argument': no option '-Wunused-command-line-argument'; did you mean '-Wunused-dummy-argument'?
configure:14150: $? = 1
configure: failed program was:
| /* confdefs.h */
| #define PACKAGE_NAME "libpciaccess"
| #define PACKAGE_TARNAME "libpciaccess"
| #define PACKAGE_VERSION "0.17"
| #define PACKAGE_STRING "libpciaccess 0.17"
| #define PACKAGE_BUGREPORT "https://gitlab.freedesktop.org/xorg/lib/libpciaccess/-/issues"
| #define PACKAGE_URL ""
| #define PACKAGE "libpciaccess"
| #define VERSION "0.17"
| #define HAVE_STDIO_H 1
| #define HAVE_STDLIB_H 1
| #define HAVE_STRING_H 1
| #define HAVE_INTTYPES_H 1
| #define HAVE_STDINT_H 1
| #define HAVE_STRINGS_H 1
| #define HAVE_SYS_STAT_H 1
| #define HAVE_SYS_TYPES_H 1
| #define HAVE_UNISTD_H 1
| #define HAVE_WCHAR_H 1
| #define STDC_HEADERS 1
| #define _ALL_SOURCE 1
| #define _DARWIN_C_SOURCE 1
| #define _GNU_SOURCE 1
| #define _HPUX_ALT_XOPEN_SOCKET_API 1
| #define _NETBSD_SOURCE 1
| #define _OPENBSD_SOURCE 1
| #define _POSIX_PTHREAD_SEMANTICS 1
| #define __STDC_WANT_IEC_60559_ATTRIBS_EXT__ 1
| #define __STDC_WANT_IEC_60559_BFP_EXT__ 1
| #define __STDC_WANT_IEC_60559_DFP_EXT__ 1
| #define __STDC_WANT_IEC_60559_EXT__ 1
| #define __STDC_WANT_IEC_60559_FUNCS_EXT__ 1
| #define __STDC_WANT_IEC_60559_TYPES_EXT__ 1
| #define __STDC_WANT_LIB_EXT2__ 1
| #define __STDC_WANT_MATH_SPEC_FUNCS__ 1
| #define _TANDEM_SOURCE 1
| #define __EXTENSIONS__ 1
| #define HAVE_DLFCN_H 1
| #define LT_OBJDIR ".libs/"
| /* end confdefs.h.  */
| int i;
configure:14160: result: no
configure:14179: checking if gcc supports -Wall
configure:14197: gcc -o conftest -g -O2 -Werror=implicit-function-declaration -ffile-prefix-map=/root/libpciaccess-vgaarb-fix/libpciaccess-0.17=. -fstack-protector-strong -fstack-clash-protection -Wformat -Werror=format-security -fcf-protection -Wall -Wdate-time -D_FORTIFY_SOURCE=2 -Wl,-z,relro conftest.c  >&5
configure:14197: $? = 0
configure:14213: result: yes
configure:14309: checking if gcc supports -Wpointer-arith
configure:14327: gcc -o conftest -g -O2 -Werror=implicit-function-declaration -ffile-prefix-map=/root/libpciaccess-vgaarb-fix/libpciaccess-0.17=. -fstack-protector-strong -fstack-clash-protection -Wformat -Werror=format-security -fcf-protection -Wpointer-arith -Wdate-time -D_FORTIFY_SOURCE=2 -Wl,-z,relro conftest.c  >&5
configure:14327: $? = 0
configure:14343: result: yes
configure:14439: checking if gcc supports -Wmissing-declarations
configure:14457: gcc -o conftest -g -O2 -Werror=implicit-function-declaration -ffile-prefix-map=/root/libpciaccess-vgaarb-fix/libpciaccess-0.17=. -fstack-protector-strong -fstack-clash-protection -Wformat -Werror=format-security -fcf-protection -Wmissing-declarations -Wdate-time -D_FORTIFY_SOURCE=2 -Wl,-z,relro conftest.c  >&5
configure:14457: $? = 0
configure:14473: result: yes
configure:14569: checking if gcc supports -Wformat=2
configure:14587: gcc -o conftest -g -O2 -Werror=implicit-function-declaration -ffile-prefix-map=/root/libpciaccess-vgaarb-fix/libpciaccess-0.17=. -fstack-protector-strong -fstack-clash-protection -Wformat -Werror=format-security -fcf-protection -Wformat=2 -Wdate-time -D_FORTIFY_SOURCE=2 -Wl,-z,relro conftest.c  >&5
configure:14587: $? = 0
configure:14603: result: yes
configure:14754: checking if gcc supports -Wstrict-prototypes
configure:14772: gcc -o conftest -g -O2 -Werror=implicit-function-declaration -ffile-prefix-map=/root/libpciaccess-vgaarb-fix/libpciaccess-0.17=. -fstack-protector-strong -fstack-clash-protection -Wformat -Werror=format-security -fcf-protection -Wstrict-prototypes -Wdate-time -D_FORTIFY_SOURCE=2 -Wl,-z,relro conftest.c  >&5
configure:14772: $? = 0
configure:14788: result: yes
configure:14884: checking if gcc supports -Wmissing-prototypes
configure:14902: gcc -o conftest -g -O2 -Werror=implicit-function-declaration -ffile-prefix-map=/root/libpciaccess-vgaarb-fix/libpciaccess-0.17=. -fstack-protector-strong -fstack-clash-protection -Wformat -Werror=format-security -fcf-protection -Wmissing-prototypes -Wdate-time -D_FORTIFY_SOURCE=2 -Wl,-z,relro conftest.c  >&5
configure:14902: $? = 0
configure:14918: result: yes
configure:15014: checking if gcc supports -Wnested-externs
configure:15032: gcc -o conftest -g -O2 -Werror=implicit-function-declaration -ffile-prefix-map=/root/libpciaccess-vgaarb-fix/libpciaccess-0.17=. -fstack-protector-strong -fstack-clash-protection -Wformat -Werror=format-security -fcf-protection -Wnested-externs -Wdate-time -D_FORTIFY_SOURCE=2 -Wl,-z,relro conftest.c  >&5
configure:15032: $? = 0
configure:15048: result: yes
configure:15144: checking if gcc supports -Wbad-function-cast
configure:15162: gcc -o conftest -g -O2 -Werror=implicit-function-declaration -ffile-prefix-map=/root/libpciaccess-vgaarb-fix/libpciaccess-0.17=. -fstack-protector-strong -fstack-clash-protection -Wformat -Werror=format-security -fcf-protection -Wbad-function-cast -Wdate-time -D_FORTIFY_SOURCE=2 -Wl,-z,relro conftest.c  >&5
configure:15162: $? = 0
configure:15178: result: yes
configure:15274: checking if gcc supports -Wold-style-definition
configure:15292: gcc -o conftest -g -O2 -Werror=implicit-function-declaration -ffile-prefix-map=/root/libpciaccess-vgaarb-fix/libpciaccess-0.17=. -fstack-protector-strong -fstack-clash-protection -Wformat -Werror=format-security -fcf-protection -Wold-style-definition -Wdate-time -D_FORTIFY_SOURCE=2 -Wl,-z,relro conftest.c  >&5
configure:15292: $? = 0
configure:15308: result: yes
configure:15457: checking if gcc supports -Wdeclaration-after-statement
configure:15475: gcc -o conftest -g -O2 -Werror=implicit-function-declaration -ffile-prefix-map=/root/libpciaccess-vgaarb-fix/libpciaccess-0.17=. -fstack-protector-strong -fstack-clash-protection -Wformat -Werror=format-security -fcf-protection -Wdeclaration-after-statement -Wdate-time -D_FORTIFY_SOURCE=2 -Wl,-z,relro conftest.c  >&5
configure:15475: $? = 0
configure:15491: result: yes
configure:15591: checking if gcc supports -Wunused
configure:15609: gcc -o conftest -g -O2 -Werror=implicit-function-declaration -ffile-prefix-map=/root/libpciaccess-vgaarb-fix/libpciaccess-0.17=. -fstack-protector-strong -fstack-clash-protection -Wformat -Werror=format-security -fcf-protection -Wunused -Wdate-time -D_FORTIFY_SOURCE=2 -Wl,-z,relro conftest.c  >&5
configure:15609: $? = 0
configure:15625: result: yes
configure:15721: checking if gcc supports -Wuninitialized
configure:15739: gcc -o conftest -g -O2 -Werror=implicit-function-declaration -ffile-prefix-map=/root/libpciaccess-vgaarb-fix/libpciaccess-0.17=. -fstack-protector-strong -fstack-clash-protection -Wformat -Werror=format-security -fcf-protection -Wuninitialized -Wdate-time -D_FORTIFY_SOURCE=2 -Wl,-z,relro conftest.c  >&5
configure:15739: $? = 0
configure:15755: result: yes
configure:15851: checking if gcc supports -Wshadow
configure:15869: gcc -o conftest -g -O2 -Werror=implicit-function-declaration -ffile-prefix-map=/root/libpciaccess-vgaarb-fix/libpciaccess-0.17=. -fstack-protector-strong -fstack-clash-protection -Wformat -Werror=format-security -fcf-protection -Wshadow -Wdate-time -D_FORTIFY_SOURCE=2 -Wl,-z,relro conftest.c  >&5
configure:15869: $? = 0
configure:15885: result: yes
configure:15981: checking if gcc supports -Wmissing-noreturn
configure:15999: gcc -o conftest -g -O2 -Werror=implicit-function-declaration -ffile-prefix-map=/root/libpciaccess-vgaarb-fix/libpciaccess-0.17=. -fstack-protector-strong -fstack-clash-protection -Wformat -Werror=format-security -fcf-protection -Wmissing-noreturn -Wdate-time -D_FORTIFY_SOURCE=2 -Wl,-z,relro conftest.c  >&5
configure:15999: $? = 0
configure:16015: result: yes
configure:16111: checking if gcc supports -Wmissing-format-attribute
configure:16129: gcc -o conftest -g -O2 -Werror=implicit-function-declaration -ffile-prefix-map=/root/libpciaccess-vgaarb-fix/libpciaccess-0.17=. -fstack-protector-strong -fstack-clash-protection -Wformat -Werror=format-security -fcf-protection -Wmissing-format-attribute -Wdate-time -D_FORTIFY_SOURCE=2 -Wl,-z,relro conftest.c  >&5
configure:16129: $? = 0
configure:16145: result: yes
configure:16241: checking if gcc supports -Wredundant-decls
configure:16259: gcc -o conftest -g -O2 -Werror=implicit-function-declaration -ffile-prefix-map=/root/libpciaccess-vgaarb-fix/libpciaccess-0.17=. -fstack-protector-strong -fstack-clash-protection -Wformat -Werror=format-security -fcf-protection -Wredundant-decls -Wdate-time -D_FORTIFY_SOURCE=2 -Wl,-z,relro conftest.c  >&5
configure:16259: $? = 0
configure:16275: result: yes
configure:16371: checking if gcc supports -Wlogical-op
configure:16389: gcc -o conftest -g -O2 -Werror=implicit-function-declaration -ffile-prefix-map=/root/libpciaccess-vgaarb-fix/libpciaccess-0.17=. -fstack-protector-strong -fstack-clash-protection -Wformat -Werror=format-security -fcf-protection -Wlogical-op -Wdate-time -D_FORTIFY_SOURCE=2 -Wl,-z,relro conftest.c  >&5
configure:16389: $? = 0
configure:16405: result: yes
configure:16513: checking if gcc supports -Werror=implicit
configure:16531: gcc -o conftest -g -O2 -Werror=implicit-function-declaration -ffile-prefix-map=/root/libpciaccess-vgaarb-fix/libpciaccess-0.17=. -fstack-protector-strong -fstack-clash-protection -Wformat -Werror=format-security -fcf-protection -Werror=implicit -Wdate-time -D_FORTIFY_SOURCE=2 -Wl,-z,relro conftest.c  >&5
configure:16531: $? = 0
configure:16547: result: yes
configure:16696: checking if gcc supports -Werror=nonnull
configure:16714: gcc -o conftest -g -O2 -Werror=implicit-function-declaration -ffile-prefix-map=/root/libpciaccess-vgaarb-fix/libpciaccess-0.17=. -fstack-protector-strong -fstack-clash-protection -Wformat -Werror=format-security -fcf-protection -Werror=nonnull -Wdate-time -D_FORTIFY_SOURCE=2 -Wl,-z,relro conftest.c  >&5
configure:16714: $? = 0
configure:16730: result: yes
configure:16826: checking if gcc supports -Werror=init-self
configure:16844: gcc -o conftest -g -O2 -Werror=implicit-function-declaration -ffile-prefix-map=/root/libpciaccess-vgaarb-fix/libpciaccess-0.17=. -fstack-protector-strong -fstack-clash-protection -Wformat -Werror=format-security -fcf-protection -Werror=init-self -Wdate-time -D_FORTIFY_SOURCE=2 -Wl,-z,relro conftest.c  >&5
configure:16844: $? = 0
configure:16860: result: yes
configure:16956: checking if gcc supports -Werror=main
configure:16974: gcc -o conftest -g -O2 -Werror=implicit-function-declaration -ffile-prefix-map=/root/libpciaccess-vgaarb-fix/libpciaccess-0.17=. -fstack-protector-strong -fstack-clash-protection -Wformat -Werror=format-security -fcf-protection -Werror=main -Wdate-time -D_FORTIFY_SOURCE=2 -Wl,-z,relro conftest.c  >&5
configure:16974: $? = 0
configure:16990: result: yes
configure:17086: checking if gcc supports -Werror=missing-braces
configure:17104: gcc -o conftest -g -O2 -Werror=implicit-function-declaration -ffile-prefix-map=/root/libpciaccess-vgaarb-fix/libpciaccess-0.17=. -fstack-protector-strong -fstack-clash-protection -Wformat -Werror=format-security -fcf-protection -Werror=missing-braces -Wdate-time -D_FORTIFY_SOURCE=2 -Wl,-z,relro conftest.c  >&5
configure:17104: $? = 0
configure:17120: result: yes
configure:17216: checking if gcc supports -Werror=sequence-point
configure:17234: gcc -o conftest -g -O2 -Werror=implicit-function-declaration -ffile-prefix-map=/root/libpciaccess-vgaarb-fix/libpciaccess-0.17=. -fstack-protector-strong -fstack-clash-protection -Wformat -Werror=format-security -fcf-protection -Werror=sequence-point -Wdate-time -D_FORTIFY_SOURCE=2 -Wl,-z,relro conftest.c  >&5
configure:17234: $? = 0
configure:17250: result: yes
configure:17346: checking if gcc supports -Werror=return-type
configure:17364: gcc -o conftest -g -O2 -Werror=implicit-function-declaration -ffile-prefix-map=/root/libpciaccess-vgaarb-fix/libpciaccess-0.17=. -fstack-protector-strong -fstack-clash-protection -Wformat -Werror=format-security -fcf-protection -Werror=return-type -Wdate-time -D_FORTIFY_SOURCE=2 -Wl,-z,relro conftest.c  >&5
configure:17364: $? = 0
configure:17380: result: yes
configure:17529: checking if gcc supports -Werror=trigraphs
configure:17547: gcc -o conftest -g -O2 -Werror=implicit-function-declaration -ffile-prefix-map=/root/libpciaccess-vgaarb-fix/libpciaccess-0.17=. -fstack-protector-strong -fstack-clash-protection -Wformat -Werror=format-security -fcf-protection -Werror=trigraphs -Wdate-time -D_FORTIFY_SOURCE=2 -Wl,-z,relro conftest.c  >&5
configure:17547: $? = 0
configure:17563: result: yes
configure:17659: checking if gcc supports -Werror=array-bounds
configure:17677: gcc -o conftest -g -O2 -Werror=implicit-function-declaration -ffile-prefix-map=/root/libpciaccess-vgaarb-fix/libpciaccess-0.17=. -fstack-protector-strong -fstack-clash-protection -Wformat -Werror=format-security -fcf-protection -Werror=array-bounds -Wdate-time -D_FORTIFY_SOURCE=2 -Wl,-z,relro conftest.c  >&5
configure:17677: $? = 0
configure:17693: result: yes
configure:17789: checking if gcc supports -Werror=write-strings
configure:17807: gcc -o conftest -g -O2 -Werror=implicit-function-declaration -ffile-prefix-map=/root/libpciaccess-vgaarb-fix/libpciaccess-0.17=. -fstack-protector-strong -fstack-clash-protection -Wformat -Werror=format-security -fcf-protection -Werror=write-strings -Wdate-time -D_FORTIFY_SOURCE=2 -Wl,-z,relro conftest.c  >&5
configure:17807: $? = 0
configure:17823: result: yes
configure:17919: checking if gcc supports -Werror=address
configure:17937: gcc -o conftest -g -O2 -Werror=implicit-function-declaration -ffile-prefix-map=/root/libpciaccess-vgaarb-fix/libpciaccess-0.17=. -fstack-protector-strong -fstack-clash-protection -Wformat -Werror=format-security -fcf-protection -Werror=address -Wdate-time -D_FORTIFY_SOURCE=2 -Wl,-z,relro conftest.c  >&5
configure:17937: $? = 0
configure:17953: result: yes
configure:18049: checking if gcc supports -Werror=int-to-pointer-cast
configure:18067: gcc -o conftest -g -O2 -Werror=implicit-function-declaration -ffile-prefix-map=/root/libpciaccess-vgaarb-fix/libpciaccess-0.17=. -fstack-protector-strong -fstack-clash-protection -Wformat -Werror=format-security -fcf-protection -Werror=int-to-pointer-cast -Wdate-time -D_FORTIFY_SOURCE=2 -Wl,-z,relro conftest.c  >&5
configure:18067: $? = 0
configure:18083: result: yes
configure:18232: checking if gcc supports -Werror=pointer-to-int-cast
configure:18250: gcc -o conftest -g -O2 -Werror=implicit-function-declaration -ffile-prefix-map=/root/libpciaccess-vgaarb-fix/libpciaccess-0.17=. -fstack-protector-strong -fstack-clash-protection -Wformat -Werror=format-security -fcf-protection -Werror=pointer-to-int-cast -Wdate-time -D_FORTIFY_SOURCE=2 -Wl,-z,relro conftest.c  >&5
configure:18250: $? = 0
configure:18266: result: yes
configure:20090: checking if gcc supports -pedantic
configure:20108: gcc -o conftest -g -O2 -Werror=implicit-function-declaration -ffile-prefix-map=/root/libpciaccess-vgaarb-fix/libpciaccess-0.17=. -fstack-protector-strong -fstack-clash-protection -Wformat -Werror=format-security -fcf-protection -pedantic -Wdate-time -D_FORTIFY_SOURCE=2 -Wl,-z,relro conftest.c  >&5
configure:20108: $? = 0
configure:20124: result: yes
configure:20220: checking if gcc supports -Werror
configure:20238: gcc -o conftest -g -O2 -Werror=implicit-function-declaration -ffile-prefix-map=/root/libpciaccess-vgaarb-fix/libpciaccess-0.17=. -fstack-protector-strong -fstack-clash-protection -Wformat -Werror=format-security -fcf-protection -Werror -Wdate-time -D_FORTIFY_SOURCE=2 -Wl,-z,relro conftest.c  >&5
configure:20238: $? = 0
configure:20254: result: yes
configure:20406: checking if gcc supports -Werror=attributes
configure:20424: gcc -o conftest -g -O2 -Werror=implicit-function-declaration -ffile-prefix-map=/root/libpciaccess-vgaarb-fix/libpciaccess-0.17=. -fstack-protector-strong -fstack-clash-protection -Wformat -Werror=format-security -fcf-protection -Werror=attributes -Wdate-time -D_FORTIFY_SOURCE=2 -Wl,-z,relro conftest.c  >&5
configure:20424: $? = 0
configure:20440: result: yes
configure:20687: checking for pkg-config
configure:20723: result: /usr/bin/pkg-config
configure:20748: checking pkg-config is at least version 0.9.0
configure:20751: result: yes
configure:20811: checking for zlib
configure:20818: $PKG_CONFIG --exists --print-errors "zlib"
configure:20821: $? = 0
configure:20835: $PKG_CONFIG --exists --print-errors "zlib"
configure:20838: $? = 0
configure:20896: result: yes
configure:21009: checking for -Wdate-time -D_FORTIFY_SOURCE=2 option for large files
configure:21044: gcc -c -g -O2 -Werror=implicit-function-declaration -ffile-prefix-map=/root/libpciaccess-vgaarb-fix/libpciaccess-0.17=. -fstack-protector-strong -fstack-clash-protection -Wformat -Werror=format-security -fcf-protection -Wdate-time -D_FORTIFY_SOURCE=2 conftest.c >&5
configure:21044: $? = 0
configure:21050: gcc -c -g -O2 -Werror=implicit-function-declaration -ffile-prefix-map=/root/libpciaccess-vgaarb-fix/libpciaccess-0.17=. -fstack-protector-strong -fstack-clash-protection -Wformat -Werror=format-security -fcf-protection -Wdate-time -D_FORTIFY_SOURCE=2 -DFTYPE=ino_t conftest.c >&5
configure:21050: $? = 0
configure:21075: result: none needed
configure:21176: checking for err.h
configure:21176: gcc -c -g -O2 -Werror=implicit-function-declaration -ffile-prefix-map=/root/libpciaccess-vgaarb-fix/libpciaccess-0.17=. -fstack-protector-strong -fstack-clash-protection -Wformat -Werror=format-security -fcf-protection -Wdate-time -D_FORTIFY_SOURCE=2 conftest.c >&5
configure:21176: $? = 0
configure:21176: result: yes
configure:21211: checking for asm/mtrr.h
configure:21211: gcc -c -g -O2 -Werror=implicit-function-declaration -ffile-prefix-map=/root/libpciaccess-vgaarb-fix/libpciaccess-0.17=. -fstack-protector-strong -fstack-clash-protection -Wformat -Werror=format-security -fcf-protection -Wdate-time -D_FORTIFY_SOURCE=2 conftest.c >&5
configure:21211: $? = 0
configure:21211: result: yes
configure:21334: checking that generated files are newer than configure
configure:21340: result: done
configure:21409: creating ./config.status

## ---------------------- ##
## Running config.status. ##
## ---------------------- ##

This file was extended by libpciaccess config.status 0.17, which was
generated by GNU Autoconf 2.72.  Invocation command line was

  CONFIG_FILES    = 
  CONFIG_HEADERS  = 
  CONFIG_LINKS    = 
  CONFIG_COMMANDS = 
  $ ./config.status 

on debian

config.status:1172: creating Makefile
config.status:1172: creating include/Makefile
config.status:1172: creating man/Makefile
config.status:1172: creating src/Makefile
config.status:1172: creating scanpci/Makefile
config.status:1172: creating pciaccess.pc
config.status:1172: creating config.h
config.status:1386: executing depfiles commands
config.status:1386: executing libtool commands

## ---------------- ##
## Cache variables. ##
## ---------------- ##

ac_cv_build=x86_64-pc-linux-gnu
ac_cv_c_compiler_gnu=yes
ac_cv_c_undeclared_builtin_options='none needed'
ac_cv_env_CC_set=
ac_cv_env_CC_value=
ac_cv_env_CFLAGS_set=set
ac_cv_env_CFLAGS_value='-g -O2 -Werror=implicit-function-declaration -ffile-prefix-map=/root/libpciaccess-vgaarb-fix/libpciaccess-0.17=. -fstack-protector-strong -fstack-clash-protection -Wformat -Werror=format-security -fcf-protection'
ac_cv_env_CPPFLAGS_set=set
ac_cv_env_CPPFLAGS_value='-Wdate-time -D_FORTIFY_SOURCE=2'
ac_cv_env_LDFLAGS_set=set
ac_cv_env_LDFLAGS_value=-Wl,-z,relro
ac_cv_env_LIBS_set=
ac_cv_env_LIBS_value=
ac_cv_env_LT_SYS_LIBRARY_PATH_set=
ac_cv_env_LT_SYS_LIBRARY_PATH_value=
ac_cv_env_PKG_CONFIG_LIBDIR_set=
ac_cv_env_PKG_CONFIG_LIBDIR_value=
ac_cv_env_PKG_CONFIG_PATH_set=
ac_cv_env_PKG_CONFIG_PATH_value=
ac_cv_env_PKG_CONFIG_set=
ac_cv_env_PKG_CONFIG_value=
ac_cv_env_ZLIB_CFLAGS_set=
ac_cv_env_ZLIB_CFLAGS_value=
ac_cv_env_ZLIB_LIBS_set=
ac_cv_env_ZLIB_LIBS_value=
ac_cv_env_build_alias_set=set
ac_cv_env_build_alias_value=x86_64-linux-gnu
ac_cv_env_host_alias_set=
ac_cv_env_host_alias_value=
ac_cv_env_target_alias_set=
ac_cv_env_target_alias_value=
ac_cv_have_decl___INTEL_COMPILER=no
ac_cv_have_decl___SUNPRO_C=no
ac_cv_have_decl___clang__=no
ac_cv_header_asm_mtrr_h=yes
ac_cv_header_dlfcn_h=yes
ac_cv_header_err_h=yes
ac_cv_header_inttypes_h=yes
ac_cv_header_minix_config_h=no
ac_cv_header_stdint_h=yes
ac_cv_header_stdio_h=yes
ac_cv_header_stdlib_h=yes
ac_cv_header_string_h=yes
ac_cv_header_strings_h=yes
ac_cv_header_sys_stat_h=yes
ac_cv_header_sys_types_h=yes
ac_cv_header_unistd_h=yes
ac_cv_header_wchar_h=yes
ac_cv_host=x86_64-pc-linux-gnu
ac_cv_objext=o
ac_cv_path_EGREP='/usr/bin/grep -E'
ac_cv_path_EGREP_TRADITIONAL='/usr/bin/grep -E'
ac_cv_path_FGREP='/usr/bin/grep -F'
ac_cv_path_GREP=/usr/bin/grep
ac_cv_path_SED=/usr/bin/sed
ac_cv_path_ac_pt_PKG_CONFIG=/usr/bin/pkg-config
ac_cv_path_install='/usr/bin/install -c'
ac_cv_path_lt_DD=/usr/bin/dd
ac_cv_path_mkdir=/usr/bin/mkdir
ac_cv_prog_AWK=mawk
ac_cv_prog_FILECMD=file
ac_cv_prog_ac_ct_AR=ar
ac_cv_prog_ac_ct_CC=gcc
ac_cv_prog_ac_ct_MANIFEST_TOOL=mt
ac_cv_prog_ac_ct_OBJDUMP=objdump
ac_cv_prog_ac_ct_RANLIB=ranlib
ac_cv_prog_ac_ct_STRIP=strip
ac_cv_prog_cc_c11=
ac_cv_prog_cc_g=yes
ac_cv_prog_cc_stdc=
ac_cv_prog_make_make_set=yes
ac_cv_safe_to_define___extensions__=yes
ac_cv_should_define__xopen_source=no
ac_cv_sys_largefile_opts='none needed'
am_cv_CC_dependencies_compiler_type=none
am_cv_filesystem_timestamp_resolution=0.01
am_cv_make_support_nested_variables=yes
am_cv_prog_cc_c_o=yes
am_cv_sleep_fractional_seconds=yes
am_cv_xargs_n_works=yes
lt_cv_ar_at_file=@
lt_cv_archive_cmds_need_lc=no
lt_cv_deplibs_check_method=pass_all
lt_cv_file_magic_cmd='$MAGIC_CMD'
lt_cv_file_magic_test_file=
lt_cv_ld_reload_flag=-r
lt_cv_nm_interface='BSD nm'
lt_cv_objdir=.libs
lt_cv_path_LD=/usr/bin/ld
lt_cv_path_NM='/usr/bin/nm -B'
lt_cv_path_manifest_tool=no
lt_cv_prog_compiler_c_o=yes
lt_cv_prog_compiler_pic='-fPIC -DPIC'
lt_cv_prog_compiler_pic_works=yes
lt_cv_prog_compiler_rtti_exceptions=no
lt_cv_prog_compiler_static_works=yes
lt_cv_prog_gnu_ld=yes
lt_cv_sharedlib_from_linklib_cmd='printf %s\n'
lt_cv_shlibpath_overrides_runpath=yes
lt_cv_sys_global_symbol_pipe='/usr/bin/sed -n -e '\''s/^.*[	 ]\([ABCDGIRSTW][ABCDGIRSTW]*\)[	 ][	 ]*\([_A-Za-z][_A-Za-z0-9]*\)$/\1 \2 \2/p'\'' | /usr/bin/sed '\''/ __gnu_lto/d'\'''
lt_cv_sys_global_symbol_to_c_name_address='/usr/bin/sed -n -e '\''s/^: \(.*\) .*$/  {"\1", (void *) 0},/p'\'' -e '\''s/^[ABCDGIRSTW][ABCDGIRSTW]* .* \(.*\)$/  {"\1", (void *) \&\1},/p'\'''
lt_cv_sys_global_symbol_to_c_name_address_lib_prefix='/usr/bin/sed -n -e '\''s/^: \(.*\) .*$/  {"\1", (void *) 0},/p'\'' -e '\''s/^[ABCDGIRSTW][ABCDGIRSTW]* .* \(lib.*\)$/  {"\1", (void *) \&\1},/p'\'' -e '\''s/^[ABCDGIRSTW][ABCDGIRSTW]* .* \(.*\)$/  {"lib\1", (void *) \&\1},/p'\'''
lt_cv_sys_global_symbol_to_cdecl='/usr/bin/sed -n -e '\''s/^T .* \(.*\)$/extern int \1();/p'\'' -e '\''s/^[ABCDGIRSTW][ABCDGIRSTW]* .* \(.*\)$/extern char \1;/p'\'''
lt_cv_sys_global_symbol_to_import=
lt_cv_sys_max_cmd_len=1572864
lt_cv_to_host_file_cmd=func_convert_file_noop
lt_cv_to_tool_file_cmd=func_convert_file_noop
lt_cv_truncate_bin='/usr/bin/dd bs=4096 count=1'
pkg_cv_ZLIB_CFLAGS=
pkg_cv_ZLIB_LIBS='-lz '
xorg_cv_cc_flag__Wall=yes
xorg_cv_cc_flag__Wbad_function_cast=yes
xorg_cv_cc_flag__Wdeclaration_after_statement=yes
xorg_cv_cc_flag__Werror=yes
xorg_cv_cc_flag__Werror_address=yes
xorg_cv_cc_flag__Werror_array_bounds=yes
xorg_cv_cc_flag__Werror_attributes=yes
xorg_cv_cc_flag__Werror_implicit=yes
xorg_cv_cc_flag__Werror_init_self=yes
xorg_cv_cc_flag__Werror_int_to_pointer_cast=yes
xorg_cv_cc_flag__Werror_main=yes
xorg_cv_cc_flag__Werror_missing_braces=yes
xorg_cv_cc_flag__Werror_nonnull=yes
xorg_cv_cc_flag__Werror_pointer_to_int_cast=yes
xorg_cv_cc_flag__Werror_return_type=yes
xorg_cv_cc_flag__Werror_sequence_point=yes
xorg_cv_cc_flag__Werror_trigraphs=yes
xorg_cv_cc_flag__Werror_write_strings=yes
xorg_cv_cc_flag__Wformat_2=yes
xorg_cv_cc_flag__Wlogical_op=yes
xorg_cv_cc_flag__Wmissing_declarations=yes
xorg_cv_cc_flag__Wmissing_format_attribute=yes
xorg_cv_cc_flag__Wmissing_noreturn=yes
xorg_cv_cc_flag__Wmissing_prototypes=yes
xorg_cv_cc_flag__Wnested_externs=yes
xorg_cv_cc_flag__Wold_style_definition=yes
xorg_cv_cc_flag__Wpointer_arith=yes
xorg_cv_cc_flag__Wredundant_decls=yes
xorg_cv_cc_flag__Wshadow=yes
xorg_cv_cc_flag__Wstrict_prototypes=yes
xorg_cv_cc_flag__Wuninitialized=yes
xorg_cv_cc_flag__Wunused=yes
xorg_cv_cc_flag__pedantic=yes
xorg_cv_cc_flag_unknown_warning_option=no
xorg_cv_cc_flag_unused_command_line_argument=no

## ----------------- ##
## Output variables. ##
## ----------------- ##

ACLOCAL='${SHELL} '\''/root/libpciaccess-vgaarb-fix/libpciaccess-0.17/missing'\'' aclocal-1.17'
ADMIN_MAN_DIR='$(mandir)/man$(ADMIN_MAN_SUFFIX)'
ADMIN_MAN_SUFFIX='8'
AMDEPBACKSLASH=''
AMDEP_FALSE=''
AMDEP_TRUE='#'
AMTAR='$${TAR-tar}'
AM_BACKSLASH='\'
AM_DEFAULT_V='$(AM_DEFAULT_VERBOSITY)'
AM_DEFAULT_VERBOSITY='1'
AM_V='$(V)'
APP_MAN_DIR='$(mandir)/man$(APP_MAN_SUFFIX)'
APP_MAN_SUFFIX='1'
AR='ar'
AUTOCONF='${SHELL} '\''/root/libpciaccess-vgaarb-fix/libpciaccess-0.17/missing'\'' autoconf'
AUTOHEADER='${SHELL} '\''/root/libpciaccess-vgaarb-fix/libpciaccess-0.17/missing'\'' autoheader'
AUTOMAKE='${SHELL} '\''/root/libpciaccess-vgaarb-fix/libpciaccess-0.17/missing'\'' automake-1.17'
AWK='mawk'
BASE_CFLAGS=' -Wall -Wpointer-arith -Wmissing-declarations -Wformat=2 -Wstrict-prototypes -Wmissing-prototypes -Wnested-externs -Wbad-function-cast -Wold-style-definition -Wdeclaration-after-statement -Wunused -Wuninitialized -Wshadow -Wmissing-noreturn -Wmissing-format-attribute -Wredundant-decls -Wlogical-op -Werror=implicit -Werror=nonnull -Werror=init-self -Werror=main -Werror=missing-braces -Werror=sequence-point -Werror=return-type -Werror=trigraphs -Werror=array-bounds -Werror=write-strings -Werror=address -Werror=int-to-pointer-cast -Werror=pointer-to-int-cast'
CC='gcc'
CCDEPMODE='depmode=none'
CFLAGS='-g -O2 -Werror=implicit-function-declaration -ffile-prefix-map=/root/libpciaccess-vgaarb-fix/libpciaccess-0.17=. -fstack-protector-strong -fstack-clash-protection -Wformat -Werror=format-security -fcf-protection'
CHANGELOG_CMD='((GIT_DIR=$(top_srcdir)/.git git log > $(top_srcdir)/.changelog.tmp) 2>/dev/null && mv $(top_srcdir)/.changelog.tmp $(top_srcdir)/ChangeLog) || (rm -f $(top_srcdir)/.changelog.tmp; test -e $(top_srcdir)/ChangeLog || ( touch $(top_srcdir)/ChangeLog; echo '\''git failed to create ChangeLog: installing empty ChangeLog.'\'' >&2))'
CPPFLAGS='-Wdate-time -D_FORTIFY_SOURCE=2'
CSCOPE='cscope'
CTAGS='ctags'
CWARNFLAGS=' -Wall -Wpointer-arith -Wmissing-declarations -Wformat=2 -Wstrict-prototypes -Wmissing-prototypes -Wnested-externs -Wbad-function-cast -Wold-style-definition -Wdeclaration-after-statement -Wunused -Wuninitialized -Wshadow -Wmissing-noreturn -Wmissing-format-attribute -Wredundant-decls -Wlogical-op -Werror=implicit -Werror=nonnull -Werror=init-self -Werror=main -Werror=missing-braces -Werror=sequence-point -Werror=return-type -Werror=trigraphs -Werror=array-bounds -Werror=write-strings -Werror=address -Werror=int-to-pointer-cast -Werror=pointer-to-int-cast -fno-strict-aliasing'
CYGPATH_W='echo'
CYGWIN_FALSE=''
CYGWIN_TRUE='#'
DEFS='-DHAVE_CONFIG_H'
DEPDIR='.deps'
DLLTOOL='false'
DRIVER_MAN_DIR='$(mandir)/man$(DRIVER_MAN_SUFFIX)'
DRIVER_MAN_SUFFIX='4'
DSYMUTIL=''
DUMPBIN=''
ECHO_C=''
ECHO_N='-n'
ECHO_T=''
EGREP='/usr/bin/grep -E'
ETAGS='etags'
EXEEXT=''
FGREP='/usr/bin/grep -F'
FILECMD='file'
FILE_MAN_DIR='$(mandir)/man$(FILE_MAN_SUFFIX)'
FILE_MAN_SUFFIX='5'
FREEBSD_FALSE=''
FREEBSD_TRUE='#'
GNU_FALSE=''
GNU_TRUE='#'
GREP='/usr/bin/grep'
INSTALL_CMD='(cp -f /usr/share/util-macros/INSTALL $(top_srcdir)/.INSTALL.tmp && mv $(top_srcdir)/.INSTALL.tmp $(top_srcdir)/INSTALL) || (rm -f $(top_srcdir)/.INSTALL.tmp; test -e $(top_srcdir)/INSTALL || ( touch $(top_srcdir)/INSTALL; echo '\''failed to copy INSTALL from util-macros: installing empty INSTALL.'\'' >&2))'
INSTALL_DATA='${INSTALL} -m 644'
INSTALL_PROGRAM='${INSTALL}'
INSTALL_SCRIPT='${INSTALL}'
INSTALL_STRIP_PROGRAM='$(install_sh) -c -s'
LD='/usr/bin/ld -m elf_x86_64'
LDFLAGS='-Wl,-z,relro'
LIBOBJS=''
LIBS=''
LIBTOOL='$(SHELL) $(top_builddir)/libtool'
LIB_MAN_DIR='$(mandir)/man$(LIB_MAN_SUFFIX)'
LIB_MAN_SUFFIX='3'
LINUX_FALSE='#'
LINUX_TRUE=''
LIPO=''
LN_S='ln -s'
LTLIBOBJS=''
LT_SYS_LIBRARY_PATH=''
MAKEINFO='${SHELL} '\''/root/libpciaccess-vgaarb-fix/libpciaccess-0.17/missing'\'' makeinfo'
MANIFEST_TOOL=':'
MAN_SUBSTS='	-e '\''s|__vendorversion__|"$(PACKAGE_STRING)" "$(XORG_MAN_PAGE)"|'\'' 	-e '\''s|__xorgversion__|"$(PACKAGE_STRING)" "$(XORG_MAN_PAGE)"|'\'' 	-e '\''s|__xservername__|Xorg|g'\'' 	-e '\''s|__xconfigfile__|xorg.conf|g'\'' 	-e '\''s|__projectroot__|$(prefix)|g'\'' 	-e '\''s|__apploaddir__|$(appdefaultdir)|g'\'' 	-e '\''s|__appmansuffix__|$(APP_MAN_SUFFIX)|g'\'' 	-e '\''s|__drivermansuffix__|$(DRIVER_MAN_SUFFIX)|g'\'' 	-e '\''s|__adminmansuffix__|$(ADMIN_MAN_SUFFIX)|g'\'' 	-e '\''s|__libmansuffix__|$(LIB_MAN_SUFFIX)|g'\'' 	-e '\''s|__miscmansuffix__|$(MISC_MAN_SUFFIX)|g'\'' 	-e '\''s|__filemansuffix__|$(FILE_MAN_SUFFIX)|g'\'''
MISC_MAN_DIR='$(mandir)/man$(MISC_MAN_SUFFIX)'
MISC_MAN_SUFFIX='7'
MKDIR_P='/usr/bin/mkdir -p'
NETBSD_FALSE=''
NETBSD_TRUE='#'
NM='/usr/bin/nm -B'
NMEDIT=''
OBJDUMP='objdump'
OBJEXT='o'
OPENBSD_FALSE=''
OPENBSD_TRUE='#'
OTOOL64=''
OTOOL=''
PACKAGE='libpciaccess'
PACKAGE_BUGREPORT='https://gitlab.freedesktop.org/xorg/lib/libpciaccess/-/issues'
PACKAGE_NAME='libpciaccess'
PACKAGE_STRING='libpciaccess 0.17'
PACKAGE_TARNAME='libpciaccess'
PACKAGE_URL=''
PACKAGE_VERSION='0.17'
PATH_SEPARATOR=':'
PCIACCESS_CFLAGS=' '
PCIACCESS_LIBS=' -lz '
PCIIDS_PATH='/usr/share/misc'
PKG_CONFIG='/usr/bin/pkg-config'
PKG_CONFIG_LIBDIR=''
PKG_CONFIG_PATH=''
RANLIB='ranlib'
SED='/usr/bin/sed'
SET_MAKE=''
SHELL='/bin/bash'
SOLARIS_FALSE=''
SOLARIS_TRUE='#'
STRICT_CFLAGS=' -pedantic -Werror -Werror=attributes'
STRIP='strip'
VERSION='0.17'
XORG_MAN_PAGE='X Version 11'
ZLIB_CFLAGS=''
ZLIB_LIBS='-lz '
ac_ct_AR='ar'
ac_ct_CC='gcc'
ac_ct_DUMPBIN=''
am__EXEEXT_FALSE=''
am__EXEEXT_TRUE='#'
am__fastdepCC_FALSE=''
am__fastdepCC_TRUE='#'
am__include='include'
am__isrc=' -I$(srcdir)'
am__leading_dot='.'
am__nodep=''
am__quote=''
am__rm_f_notfound=''
am__tar='$${TAR-tar} chof - "$$tardir"'
am__untar='$${TAR-tar} xf -'
am__xargs_n='xargs -n'
bindir='${exec_prefix}/bin'
build='x86_64-pc-linux-gnu'
build_alias='x86_64-linux-gnu'
build_cpu='x86_64'
build_os='linux-gnu'
build_vendor='pc'
datadir='${datarootdir}'
datarootdir='${prefix}/share'
docdir='${datarootdir}/doc/${PACKAGE_TARNAME}'
dvidir='${docdir}'
exec_prefix='${prefix}'
host='x86_64-pc-linux-gnu'
host_alias=''
host_cpu='x86_64'
host_os='linux-gnu'
host_vendor='pc'
htmldir='${docdir}'
includedir='${prefix}/include'
infodir='${prefix}/share/info'
install_sh='${SHELL} /root/libpciaccess-vgaarb-fix/libpciaccess-0.17/install-sh'
libdir='${prefix}/lib/x86_64-linux-gnu'
libexecdir='${exec_prefix}/libexec'
localedir='${datarootdir}/locale'
localstatedir='/var'
mandir='${prefix}/share/man'
mkdir_p='$(MKDIR_P)'
oldincludedir='/usr/include'
pdfdir='${docdir}'
prefix='/usr'
program_transform_name='s,x,x,'
psdir='${docdir}'
runstatedir='/run'
sbindir='${exec_prefix}/sbin'
sharedstatedir='${prefix}/com'
sysconfdir='/etc'
target_alias=''

## ----------- ##
## confdefs.h. ##
## ----------- ##

/* confdefs.h */
#define PACKAGE_NAME "libpciaccess"
#define PACKAGE_TARNAME "libpciaccess"
#define PACKAGE_VERSION "0.17"
#define PACKAGE_STRING "libpciaccess 0.17"
#define PACKAGE_BUGREPORT "https://gitlab.freedesktop.org/xorg/lib/libpciaccess/-/issues"
#define PACKAGE_URL ""
#define PACKAGE "libpciaccess"
#define VERSION "0.17"
#define HAVE_STDIO_H 1
#define HAVE_STDLIB_H 1
#define HAVE_STRING_H 1
#define HAVE_INTTYPES_H 1
#define HAVE_STDINT_H 1
#define HAVE_STRINGS_H 1
#define HAVE_SYS_STAT_H 1
#define HAVE_SYS_TYPES_H 1
#define HAVE_UNISTD_H 1
#define HAVE_WCHAR_H 1
#define STDC_HEADERS 1
#define _ALL_SOURCE 1
#define _DARWIN_C_SOURCE 1
#define _GNU_SOURCE 1
#define _HPUX_ALT_XOPEN_SOCKET_API 1
#define _NETBSD_SOURCE 1
#define _OPENBSD_SOURCE 1
#define _POSIX_PTHREAD_SEMANTICS 1
#define __STDC_WANT_IEC_60559_ATTRIBS_EXT__ 1
#define __STDC_WANT_IEC_60559_BFP_EXT__ 1
#define __STDC_WANT_IEC_60559_DFP_EXT__ 1
#define __STDC_WANT_IEC_60559_EXT__ 1
#define __STDC_WANT_IEC_60559_FUNCS_EXT__ 1
#define __STDC_WANT_IEC_60559_TYPES_EXT__ 1
#define __STDC_WANT_LIB_EXT2__ 1
#define __STDC_WANT_MATH_SPEC_FUNCS__ 1
#define _TANDEM_SOURCE 1
#define __EXTENSIONS__ 1
#define HAVE_DLFCN_H 1
#define LT_OBJDIR ".libs/"
#define PACKAGE_VERSION_MAJOR 0
#define PACKAGE_VERSION_MINOR 17
#define PACKAGE_VERSION_PATCHLEVEL 0
#define PCIIDS_PATH "/usr/share/misc"
#define HAVE_ZLIB 1
#define HAVE_ERR_H 1
#define HAVE_MTRR 1

configure: exit 0
